/mnt/c/chong/data/CUB_200_2011_cropped/train_cropped_augmented/
training set size: 239760
push set size: 5994
test set size: 5794
batch size: 80
backbone architecture:resnet34
basis concept size:(1000, 64, 1, 1)
start training
epoch: 	0
	warm
	train
	time: 	177.05750274658203
	cross ent: 	1.8614999423394571
	cluster: 	0.5615033332033479
	separation:	0.6328651561393394
	orth: 	392.31665229224586
	accu: 		63.842592592592595%
	l1_trivial: 		100500.0
	l1_support: 		100500.0
	test
	time: 	4.156927824020386
	test cross ent: 	1.535939211475438
	test accu: 		66.5688643424232%
	above 60.00%
epoch: 	1
	warm
	train
	time: 	179.63333129882812
	cross ent: 	1.0197287122527878
	cluster: 	0.6243751256275781
	separation:	0.6817330002068758
	orth: 	73.03357529027645
	accu: 		81.5965965965966%
	l1_trivial: 		100500.0
	l1_support: 		100500.0
	test
	time: 	4.26111102104187
	test cross ent: 	1.488394199774183
	test accu: 		66.9313082499137%
	above 60.00%
epoch: 	2
	warm
	train
	time: 	178.9078643321991
	cross ent: 	0.8924647532266738
	cluster: 	0.6495723347286801
	separation:	0.7020090119537211
	orth: 	69.51632772145925
	accu: 		84.49824824824826%
	l1_trivial: 		100500.0
	l1_support: 		100500.0
	test
	time: 	4.065933704376221
	test cross ent: 	1.4125574570277641
	test accu: 		69.29582326544701%
	above 60.00%
epoch: 	3
	warm
	train
	time: 	180.73073863983154
	cross ent: 	0.8285782336492638
	cluster: 	0.6593787813727602
	separation:	0.7083303760917417
	orth: 	66.5108293514869
	accu: 		86.13279946613281%
	l1_trivial: 		100500.0
	l1_support: 		100500.0
	test
	time: 	4.040414571762085
	test cross ent: 	1.3498517644816432
	test accu: 		70.86641353123922%
	above 60.00%
epoch: 	4
	warm
	train
	time: 	178.009783744812
	cross ent: 	0.790939044864885
	cluster: 	0.6664580067555667
	separation:	0.7144326000838905
	orth: 	64.824296741912
	accu: 		87.05246913580247%
	l1_trivial: 		100500.0
	l1_support: 		100500.0
	test
	time: 	4.658400774002075
	test cross ent: 	1.3798950057605217
	test accu: 		70.08974801518812%
	above 60.00%
epoch: 	5
	joint
	train
	time: 	408.9295129776001
	cross ent: 	0.4382472914265401
	cluster: 	0.747248110828457
	separation:	0.761844017364838
	orth: 	44.28751053108467
	accu: 		92.29437771104438%
	l1_trivial: 		100500.0
	l1_support: 		100500.0
	test
	time: 	4.572345018386841
	test cross ent: 	0.9185227705486889
	test accu: 		79.25440110459095%
	above 60.00%
epoch: 	6
	joint
	train
	time: 	408.52061915397644
	cross ent: 	0.1034455176729996
	cluster: 	0.8692227170234288
	separation:	0.8070015345050925
	orth: 	25.091060355221146
	accu: 		98.76793460126794%
	l1_trivial: 		100500.0
	l1_support: 		100500.0
	test
	time: 	4.639318943023682
	test cross ent: 	1.0455566798818523
	test accu: 		78.14981014842941%
	above 60.00%
epoch: 	7
	joint
	train
	time: 	405.67328429222107
	cross ent: 	0.016378492065964836
	cluster: 	0.9389141168560948
	separation:	0.767655134240826
	orth: 	3.0535265992075193
	accu: 		99.87195528862196%
	l1_trivial: 		100500.0
	l1_support: 		100500.0
	test
	time: 	4.983490943908691
	test cross ent: 	0.7396592741896366
	test accu: 		83.81083879875733%
	above 60.00%
epoch: 	8
	joint
	train
	time: 	407.0824508666992
	cross ent: 	0.011169277869747914
	cluster: 	0.959597455707438
	separation:	0.659126217778142
	orth: 	3.4701146448617144
	accu: 		99.96162829496163%
	l1_trivial: 		100500.0
	l1_support: 		100500.0
	test
	time: 	4.13516092300415
	test cross ent: 	0.7871253074243151
	test accu: 		83.24128408698654%
	above 60.00%
epoch: 	9
	joint
	train
	time: 	406.3558416366577
	cross ent: 	0.006409630611427638
	cluster: 	0.9714033777092471
	separation:	0.5795433536186829
	orth: 	0.7142454158436429
	accu: 		99.99541207874542%
	l1_trivial: 		100500.0
	l1_support: 		100500.0
	test
	time: 	4.914586305618286
	test cross ent: 	0.766456972422271
	test accu: 		83.5001725923369%
	above 60.00%
epoch: 	10
	joint
	train
	time: 	405.91239523887634
	cross ent: 	0.005929484276189868
	cluster: 	0.9738936945721433
	separation:	0.5477780556933339
	orth: 	0.7221430806386538
	accu: 		99.99833166499833%
	l1_trivial: 		100500.0
	l1_support: 		100500.0
	test
	time: 	5.2159552574157715
	test cross ent: 	0.7845896058555307
	test accu: 		83.5001725923369%
	above 60.00%
epoch: 	11
	joint
	train
	time: 	406.3028450012207
	cross ent: 	0.005315621099150456
	cluster: 	0.9758140319659386
	separation:	0.5280252835095863
	orth: 	0.14663330964995178
	accu: 		99.99916583249917%
	l1_trivial: 		100500.0
	l1_support: 		100500.0
	test
	time: 	4.563426971435547
	test cross ent: 	0.7828113678200491
	test accu: 		83.41387642388678%
	above 60.00%
epoch: 	12
	joint
	train
	time: 	405.56272315979004
	cross ent: 	0.0052372015574353465
	cluster: 	0.9761876883529049
	separation:	0.5210990751827801
	orth: 	0.14469420672715963
	accu: 		99.99916583249917%
	l1_trivial: 		100500.0
	l1_support: 		100500.0
	test
	time: 	4.9624152183532715
	test cross ent: 	0.7893070450116848
	test accu: 		83.53469105971695%
	above 60.00%
epoch: 	13
	joint
	train
	time: 	405.8470015525818
	cross ent: 	0.005121641985799845
	cluster: 	0.976541075381908
	separation:	0.5168844900272034
	orth: 	0.02934597640008997
	accu: 		99.99916583249917%
	l1_trivial: 		100500.0
	l1_support: 		100500.0
	test
	time: 	5.181895971298218
	test cross ent: 	0.7903332067974682
	test accu: 		83.46565412495686%
	above 60.00%
epoch: 	14
	joint
	train
	time: 	404.56300950050354
	cross ent: 	0.0051159358431588555
	cluster: 	0.9766040442385274
	separation:	0.5154313037782897
	orth: 	0.02890333320670797
	accu: 		99.99916583249917%
	l1_trivial: 		100500.0
	l1_support: 		100500.0
	test
	time: 	4.077722787857056
	test cross ent: 	0.791409994507658
	test accu: 		83.37935795650672%
	above 60.00%
epoch: 	15
	joint
	train
	time: 	406.5520541667938
	cross ent: 	0.005092828705534588
	cluster: 	0.9766830097129435
	separation:	0.514133375248672
	orth: 	0.028917792437471945
	accu: 		99.99916583249917%
	l1_trivial: 		100500.0
	l1_support: 		100500.0
	test
	time: 	5.401161193847656
	test cross ent: 	0.7879041238077755
	test accu: 		83.55195029340697%
	above 60.00%
epoch: 	16
	joint
	train
	time: 	404.45946073532104
	cross ent: 	0.0050720290744209195
	cluster: 	0.9767572679319181
	separation:	0.5128586484584802
	orth: 	0.028929318803865033
	accu: 		99.99916583249917%
	l1_trivial: 		100500.0
	l1_support: 		100500.0
	test
	time: 	4.1860411167144775
	test cross ent: 	0.7905017764403902
	test accu: 		83.3620987228167%
	above 60.00%
epoch: 	17
	joint
	train
	time: 	406.62646675109863
	cross ent: 	0.0050626629651211825
	cluster: 	0.9768126086071804
	separation:	0.5115146850660558
	orth: 	0.0289316349157869
	accu: 		99.99916583249917%
	l1_trivial: 		100500.0
	l1_support: 		100500.0
	test
	time: 	4.257034063339233
	test cross ent: 	0.7930904059060688
	test accu: 		83.2930617880566%
	above 60.00%
epoch: 	18
	joint
	train
	time: 	405.54405879974365
	cross ent: 	0.005044025139576138
	cluster: 	0.9768805344342628
	separation:	0.5102413912037431
	orth: 	0.028890923271561647
	accu: 		99.99916583249917%
	l1_trivial: 		100500.0
	l1_support: 		100500.0
	test
	time: 	4.1857030391693115
	test cross ent: 	0.7901645413246648
	test accu: 		83.37935795650672%
	above 60.00%
epoch: 	19
	joint
	train
	time: 	403.9774227142334
	cross ent: 	0.005016631868313333
	cluster: 	0.9769594490945757
	separation:	0.5088710114583597
	orth: 	0.02890075325113179
	accu: 		99.99916583249917%
	l1_trivial: 		100500.0
	l1_support: 		100500.0
	test
	time: 	4.325685739517212
	test cross ent: 	0.7923598849567873
	test accu: 		83.44839489126683%
	above 60.00%
epoch: 	20
	joint
	train
	time: 	406.1543526649475
	cross ent: 	0.005005680242926877
	cluster: 	0.9770333478559762
	separation:	0.5075887032536852
	orth: 	0.028913826179188175
	accu: 		99.99916583249917%
	l1_trivial: 		100500.0
	l1_support: 		100500.0
	test
	time: 	5.24727463722229
	test cross ent: 	0.7918512232858559
	test accu: 		83.39661719019675%
	above 60.00%
	push
	Executing push ...
	push time: 	51.56555390357971
	push
	Executing push ...
	push time: 	51.15005159378052
	test
	time: 	4.0601701736450195
	test cross ent: 	1.1082142935744648
	test accu: 		82.48187780462547%
	above 60.00%
	last layer
iteration: 	0
	train
	time: 	163.0076265335083
	cross ent: 	0.009203071829184513
	cluster: 	0.9948178964692194
	separation:	0.9351810784311266
	orth: 	1473.55322265625
	accu: 		99.98206539873206%
	l1_trivial: 		74717.4609375
	l1_support: 		80328.1796875
	test
	time: 	4.587223291397095
	test cross ent: 	1.036526512226154
	test accu: 		82.15395236451502%
	above 60.00%
iteration: 	1
	train
	time: 	166.33606219291687
	cross ent: 	0.0179556040377252
	cluster: 	0.9948200678125317
	separation:	0.9352040562106245
	orth: 	1473.55322265625
	accu: 		99.96746746746746%
	l1_trivial: 		56676.203125
	l1_support: 		64189.28515625
	test
	time: 	4.191352605819702
	test cross ent: 	1.238999220831641
	test accu: 		79.97928891957197%
	above 60.00%
iteration: 	2
	train
	time: 	166.69806051254272
	cross ent: 	0.02596017149033713
	cluster: 	0.9948313210978681
	separation:	0.9351973607614115
	orth: 	1473.55322265625
	accu: 		99.94536202869536%
	l1_trivial: 		43383.609375
	l1_support: 		53600.375
	test
	time: 	4.092623949050903
	test cross ent: 	1.5887981231870323
	test accu: 		77.54573696927856%
	above 60.00%
iteration: 	3
	train
	time: 	165.42960476875305
	cross ent: 	0.02762072694089797
	cluster: 	0.9948263747476521
	separation:	0.9351857890874337
	orth: 	1473.55322265625
	accu: 		99.93284951618286%
	l1_trivial: 		33099.9375
	l1_support: 		46938.0859375
	test
	time: 	5.101449251174927
	test cross ent: 	1.5666790491548077
	test accu: 		77.75284777355886%
	above 60.00%
iteration: 	4
	train
	time: 	166.3573796749115
	cross ent: 	0.024938303676288118
	cluster: 	0.9948338221262645
	separation:	0.9351861520453139
	orth: 	1473.55322265625
	accu: 		99.93827160493827%
	l1_trivial: 		24627.82421875
	l1_support: 		40693.8515625
	test
	time: 	4.172017812728882
	test cross ent: 	1.4611392365447406
	test accu: 		78.52951328960994%
	above 60.00%
iteration: 	5
	train
	time: 	167.5824921131134
	cross ent: 	0.020441539927106383
	cluster: 	0.99482100678954
	separation:	0.9352003179035626
	orth: 	1473.55322265625
	accu: 		99.94703036369702%
	l1_trivial: 		17403.056640625
	l1_support: 		34162.140625
	test
	time: 	4.096177816390991
	test cross ent: 	1.2909504421826066
	test accu: 		79.9275112185019%
	above 60.00%
iteration: 	6
	train
	time: 	167.7519075870514
	cross ent: 	0.016074367947326425
	cluster: 	0.9948271734140935
	separation:	0.9351897919659301
	orth: 	1473.55322265625
	accu: 		99.9607941274608%
	l1_trivial: 		11097.16015625
	l1_support: 		27749.1328125
	test
	time: 	4.051387786865234
	test cross ent: 	1.1584949200523311
	test accu: 		80.77321366931308%
	above 60.00%
iteration: 	7
	train
	time: 	168.83853769302368
	cross ent: 	0.012204101585360753
	cluster: 	0.9948214060432082
	separation:	0.9351957705285814
	orth: 	1473.55322265625
	accu: 		99.96746746746746%
	l1_trivial: 		6325.70068359375
	l1_support: 		21723.35546875
	test
	time: 	4.1743011474609375
	test cross ent: 	1.0109532943059658
	test accu: 		81.7915084570245%
	above 60.00%
iteration: 	8
	train
	time: 	166.91642045974731
	cross ent: 	0.009129894250667629
	cluster: 	0.9948271213271517
	separation:	0.9351844247635659
	orth: 	1473.55322265625
	accu: 		99.98123123123122%
	l1_trivial: 		3385.188232421875
	l1_support: 		16200.7734375
	test
	time: 	4.139723539352417
	test cross ent: 	0.980098040967152
	test accu: 		81.8605453917846%
	above 60.00%
iteration: 	9
	train
	time: 	167.99847984313965
	cross ent: 	0.006978086304726887
	cluster: 	0.994826041542374
	separation:	0.9351937459594694
	orth: 	1473.55322265625
	accu: 		99.9904070737404%
	l1_trivial: 		1952.5516357421875
	l1_support: 		11162.951171875
	test
	time: 	4.063373804092407
	test cross ent: 	0.9379809642660206
	test accu: 		82.30928546772523%
	above 60.00%
epoch: 	21
	joint
	train
	time: 	404.3062083721161
	cross ent: 	0.006812302129154215
	cluster: 	0.9906382586385634
	separation:	0.7912748243994103
	orth: 	1368.7215689403597
	accu: 		99.99416082749416%
	l1_trivial: 		1952.5516357421875
	l1_support: 		11162.951171875
	test
	time: 	4.8129918575286865
	test cross ent: 	0.9513177984747393
	test accu: 		81.9295823265447%
	above 60.00%
epoch: 	22
	joint
	train
	time: 	406.65190720558167
	cross ent: 	0.009547602345195558
	cluster: 	0.9874170201796072
	separation:	0.6746356501792485
	orth: 	1203.4473098994176
	accu: 		99.99791458124791%
	l1_trivial: 		1952.5516357421875
	l1_support: 		11162.951171875
	test
	time: 	4.634498357772827
	test cross ent: 	0.9518087197994364
	test accu: 		81.7915084570245%
	above 60.00%
epoch: 	23
	joint
	train
	time: 	405.6273877620697
	cross ent: 	0.009607632282604257
	cluster: 	0.9856035426174516
	separation:	0.632454632260937
	orth: 	1066.729756815735
	accu: 		99.99833166499833%
	l1_trivial: 		1952.5516357421875
	l1_support: 		11162.951171875
	test
	time: 	4.233288526535034
	test cross ent: 	0.9371876372345562
	test accu: 		82.11943389713497%
	above 60.00%
epoch: 	24
	joint
	train
	time: 	405.24831533432007
	cross ent: 	0.009643650172147147
	cluster: 	0.9835671716663971
	separation:	0.6047534225461958
	orth: 	953.9790093438165
	accu: 		99.99916583249917%
	l1_trivial: 		1952.5516357421875
	l1_support: 		11162.951171875
	test
	time: 	4.6027045249938965
	test cross ent: 	0.9199226976468645
	test accu: 		82.15395236451502%
	above 60.00%
epoch: 	25
	joint
	train
	time: 	403.815322637558
	cross ent: 	0.009465551776652998
	cluster: 	0.9820775835761476
	separation:	0.5867308972476123
	orth: 	862.2826304901907
	accu: 		99.99916583249917%
	l1_trivial: 		1952.5516357421875
	l1_support: 		11162.951171875
	test
	time: 	4.135952472686768
	test cross ent: 	0.9163005316051943
	test accu: 		82.39558163617535%
	above 60.00%
epoch: 	26
	joint
	train
	time: 	405.1759948730469
	cross ent: 	0.009189654339147153
	cluster: 	0.9809763564998244
	separation:	0.5744741538543879
	orth: 	785.924144847973
	accu: 		99.99916583249917%
	l1_trivial: 		1952.5516357421875
	l1_support: 		11162.951171875
	test
	time: 	4.893359184265137
	test cross ent: 	0.9133535084025614
	test accu: 		82.0676561960649%
	above 60.00%
epoch: 	27
	joint
	train
	time: 	402.86939311027527
	cross ent: 	0.00895473217712215
	cluster: 	0.9801508191429777
	separation:	0.5654113477255688
	orth: 	720.3310917525598
	accu: 		99.99916583249917%
	l1_trivial: 		1952.5516357421875
	l1_support: 		11162.951171875
	test
	time: 	4.0583577156066895
	test cross ent: 	0.9146563878347134
	test accu: 		82.24024853296513%
	above 60.00%
epoch: 	28
	joint
	train
	time: 	405.961544752121
	cross ent: 	0.008777827624831949
	cluster: 	0.9796128570536276
	separation:	0.5585019421609274
	orth: 	663.6368342015518
	accu: 		99.99916583249917%
	l1_trivial: 		1952.5516357421875
	l1_support: 		11162.951171875
	test
	time: 	4.578887701034546
	test cross ent: 	0.9077210503405538
	test accu: 		82.136693130825%
	above 60.00%
epoch: 	29
	joint
	train
	time: 	403.5340828895569
	cross ent: 	0.008702022208862348
	cluster: 	0.9793340875818446
	separation:	0.5526517896919518
	orth: 	613.6946813349808
	accu: 		99.99916583249917%
	l1_trivial: 		1952.5516357421875
	l1_support: 		11162.951171875
	test
	time: 	4.489718437194824
	test cross ent: 	0.9076044071337273
	test accu: 		82.34380393510529%
	above 60.00%
